#-----------------------------------------------------------
# Vivado v2018.2 (64-bit)
# SW Build 2258646 on Thu Jun 14 20:03:12 MDT 2018
# IP Build 2256618 on Thu Jun 14 22:10:49 MDT 2018
# Start of session at: Thu Jan  9 06:07:48 2025
# Process ID: 13044
# Current directory: C:/Users/43lan/AppData/Roaming/Xilinx/Vivado
# Command line: vivado.exe -gui_launcher_event rodinguilauncherevent1148
# Log file: C:/Users/43lan/AppData/Roaming/Xilinx/Vivado/vivado.log
# Journal file: C:/Users/43lan/AppData/Roaming/Xilinx/Vivado\vivado.jou
#-----------------------------------------------------------
start_gui
create_project beatstream_project {C:/Users/43lan/Downloads/S1_20_KIM GYURIM_SARAVANAN SWETHA_YOSHIZAKI EICHI_ZHONG SHU_Improvements_Archive.xpr/beatstream_project} -part xc7a35tcpg236-1
INFO: [ProjectBase 1-489] The host OS only allows 260 characters in a normal path. The project is stored in a path with more than 80 characters. If you experience issues with IP, Block Designs, or files not being found, please consider moving the project to a location with a shorter path. Alternately consider using the OS subst command to map part of the path to a drive letter.
Current project path is 'C:/Users/43lan/Downloads/S1_20_KIM GYURIM_SARAVANAN SWETHA_YOSHIZAKI EICHI_ZHONG SHU_Improvements_Archive.xpr/beatstream_project'
INFO: [IP_Flow 19-234] Refreshing IP repositories
INFO: [IP_Flow 19-1704] No user IP repositories specified
INFO: [IP_Flow 19-2313] Loaded Vivado IP repository 'C:/Xilinx/Vivado/2018.2/data/ip'.
file mkdir C:/Users/43lan/Downloads/S1_20_KIM GYURIM_SARAVANAN SWETHA_YOSHIZAKI EICHI_ZHONG SHU_Improvements_Archive.xpr/beatstream_project/beatstream_project.srcs/constrs_1/new
file mkdir C:/Users/43lan/Downloads/S1_20_KIM GYURIM_SARAVANAN SWETHA_YOSHIZAKI EICHI_ZHONG SHU_Improvements_Archive.xpr/beatstream_project/beatstream_project.srcs/constrs_1/new
file mkdir {C:/Users/43lan/Downloads/S1_20_KIM GYURIM_SARAVANAN SWETHA_YOSHIZAKI EICHI_ZHONG SHU_Improvements_Archive.xpr/beatstream_project/beatstream_project.srcs/constrs_1/new}
close [ open {C:/Users/43lan/Downloads/S1_20_KIM GYURIM_SARAVANAN SWETHA_YOSHIZAKI EICHI_ZHONG SHU_Improvements_Archive.xpr/beatstream_project/beatstream_project.srcs/constrs_1/new/basys3_constraints.xdc} w ]
add_files -fileset constrs_1 {{C:/Users/43lan/Downloads/S1_20_KIM GYURIM_SARAVANAN SWETHA_YOSHIZAKI EICHI_ZHONG SHU_Improvements_Archive.xpr/beatstream_project/beatstream_project.srcs/constrs_1/new/basys3_constraints.xdc}}
file mkdir C:/Users/43lan/Downloads/S1_20_KIM GYURIM_SARAVANAN SWETHA_YOSHIZAKI EICHI_ZHONG SHU_Improvements_Archive.xpr/beatstream_project/beatstream_project.srcs/sources_1/new
file mkdir C:/Users/43lan/Downloads/S1_20_KIM GYURIM_SARAVANAN SWETHA_YOSHIZAKI EICHI_ZHONG SHU_Improvements_Archive.xpr/beatstream_project/beatstream_project.srcs/sources_1/new
file mkdir C:/Users/43lan/Downloads/S1_20_KIM GYURIM_SARAVANAN SWETHA_YOSHIZAKI EICHI_ZHONG SHU_Improvements_Archive.xpr/beatstream_project/beatstream_project.srcs/sources_1/new
file mkdir C:/Users/43lan/Downloads/S1_20_KIM GYURIM_SARAVANAN SWETHA_YOSHIZAKI EICHI_ZHONG SHU_Improvements_Archive.xpr/beatstream_project/beatstream_project.srcs/sources_1/new
file mkdir C:/Users/43lan/Downloads/S1_20_KIM GYURIM_SARAVANAN SWETHA_YOSHIZAKI EICHI_ZHONG SHU_Improvements_Archive.xpr/beatstream_project/beatstream_project.srcs/sources_1/new
file mkdir C:/Users/43lan/Downloads/S1_20_KIM GYURIM_SARAVANAN SWETHA_YOSHIZAKI EICHI_ZHONG SHU_Improvements_Archive.xpr/beatstream_project/beatstream_project.srcs/sources_1/new
file mkdir {C:/Users/43lan/Downloads/S1_20_KIM GYURIM_SARAVANAN SWETHA_YOSHIZAKI EICHI_ZHONG SHU_Improvements_Archive.xpr/beatstream_project/beatstream_project.srcs/sources_1/new}
close [ open {C:/Users/43lan/Downloads/S1_20_KIM GYURIM_SARAVANAN SWETHA_YOSHIZAKI EICHI_ZHONG SHU_Improvements_Archive.xpr/beatstream_project/beatstream_project.srcs/sources_1/new/top_module.v} w ]
add_files {{C:/Users/43lan/Downloads/S1_20_KIM GYURIM_SARAVANAN SWETHA_YOSHIZAKI EICHI_ZHONG SHU_Improvements_Archive.xpr/beatstream_project/beatstream_project.srcs/sources_1/new/top_module.v}}
update_compile_order -fileset sources_1
close [ open {C:/Users/43lan/Downloads/S1_20_KIM GYURIM_SARAVANAN SWETHA_YOSHIZAKI EICHI_ZHONG SHU_Improvements_Archive.xpr/beatstream_project/beatstream_project.srcs/sources_1/new/key_status.v} w ]
add_files {{C:/Users/43lan/Downloads/S1_20_KIM GYURIM_SARAVANAN SWETHA_YOSHIZAKI EICHI_ZHONG SHU_Improvements_Archive.xpr/beatstream_project/beatstream_project.srcs/sources_1/new/key_status.v}}
update_compile_order -fileset sources_1
close [ open {C:/Users/43lan/Downloads/S1_20_KIM GYURIM_SARAVANAN SWETHA_YOSHIZAKI EICHI_ZHONG SHU_Improvements_Archive.xpr/beatstream_project/beatstream_project.srcs/sources_1/new/PS2Receiver.v} w ]
add_files {{C:/Users/43lan/Downloads/S1_20_KIM GYURIM_SARAVANAN SWETHA_YOSHIZAKI EICHI_ZHONG SHU_Improvements_Archive.xpr/beatstream_project/beatstream_project.srcs/sources_1/new/PS2Receiver.v}}
update_compile_order -fileset sources_1
close [ open {C:/Users/43lan/Downloads/S1_20_KIM GYURIM_SARAVANAN SWETHA_YOSHIZAKI EICHI_ZHONG SHU_Improvements_Archive.xpr/beatstream_project/beatstream_project.srcs/sources_1/new/debouncer.v} w ]
add_files {{C:/Users/43lan/Downloads/S1_20_KIM GYURIM_SARAVANAN SWETHA_YOSHIZAKI EICHI_ZHONG SHU_Improvements_Archive.xpr/beatstream_project/beatstream_project.srcs/sources_1/new/debouncer.v}}
update_compile_order -fileset sources_1
close [ open {C:/Users/43lan/Downloads/S1_20_KIM GYURIM_SARAVANAN SWETHA_YOSHIZAKI EICHI_ZHONG SHU_Improvements_Archive.xpr/beatstream_project/beatstream_project.srcs/sources_1/new/keypress.v} w ]
add_files {{C:/Users/43lan/Downloads/S1_20_KIM GYURIM_SARAVANAN SWETHA_YOSHIZAKI EICHI_ZHONG SHU_Improvements_Archive.xpr/beatstream_project/beatstream_project.srcs/sources_1/new/keypress.v}}
update_compile_order -fileset sources_1
close [ open {C:/Users/43lan/Downloads/S1_20_KIM GYURIM_SARAVANAN SWETHA_YOSHIZAKI EICHI_ZHONG SHU_Improvements_Archive.xpr/beatstream_project/beatstream_project.srcs/sources_1/new/short_press.v} w ]
add_files {{C:/Users/43lan/Downloads/S1_20_KIM GYURIM_SARAVANAN SWETHA_YOSHIZAKI EICHI_ZHONG SHU_Improvements_Archive.xpr/beatstream_project/beatstream_project.srcs/sources_1/new/short_press.v}}
update_compile_order -fileset sources_1
close [ open {C:/Users/43lan/Downloads/S1_20_KIM GYURIM_SARAVANAN SWETHA_YOSHIZAKI EICHI_ZHONG SHU_Improvements_Archive.xpr/beatstream_project/beatstream_project.srcs/sources_1/new/clock_divider.v} w ]
add_files {{C:/Users/43lan/Downloads/S1_20_KIM GYURIM_SARAVANAN SWETHA_YOSHIZAKI EICHI_ZHONG SHU_Improvements_Archive.xpr/beatstream_project/beatstream_project.srcs/sources_1/new/clock_divider.v}}
update_compile_order -fileset sources_1
close [ open {C:/Users/43lan/Downloads/S1_20_KIM GYURIM_SARAVANAN SWETHA_YOSHIZAKI EICHI_ZHONG SHU_Improvements_Archive.xpr/beatstream_project/beatstream_project.srcs/sources_1/new/play_timer.v} w ]
add_files {{C:/Users/43lan/Downloads/S1_20_KIM GYURIM_SARAVANAN SWETHA_YOSHIZAKI EICHI_ZHONG SHU_Improvements_Archive.xpr/beatstream_project/beatstream_project.srcs/sources_1/new/play_timer.v}}
update_compile_order -fileset sources_1
close [ open {C:/Users/43lan/Downloads/S1_20_KIM GYURIM_SARAVANAN SWETHA_YOSHIZAKI EICHI_ZHONG SHU_Improvements_Archive.xpr/beatstream_project/beatstream_project.srcs/sources_1/new/note_grader.v} w ]
add_files {{C:/Users/43lan/Downloads/S1_20_KIM GYURIM_SARAVANAN SWETHA_YOSHIZAKI EICHI_ZHONG SHU_Improvements_Archive.xpr/beatstream_project/beatstream_project.srcs/sources_1/new/note_grader.v}}
update_compile_order -fileset sources_1
close [ open {C:/Users/43lan/Downloads/S1_20_KIM GYURIM_SARAVANAN SWETHA_YOSHIZAKI EICHI_ZHONG SHU_Improvements_Archive.xpr/beatstream_project/beatstream_project.srcs/sources_1/new/decomposer.v} w ]
add_files {{C:/Users/43lan/Downloads/S1_20_KIM GYURIM_SARAVANAN SWETHA_YOSHIZAKI EICHI_ZHONG SHU_Improvements_Archive.xpr/beatstream_project/beatstream_project.srcs/sources_1/new/decomposer.v}}
update_compile_order -fileset sources_1
close [ open {C:/Users/43lan/Downloads/S1_20_KIM GYURIM_SARAVANAN SWETHA_YOSHIZAKI EICHI_ZHONG SHU_Improvements_Archive.xpr/beatstream_project/beatstream_project.srcs/sources_1/new/elongate.v} w ]
add_files {{C:/Users/43lan/Downloads/S1_20_KIM GYURIM_SARAVANAN SWETHA_YOSHIZAKI EICHI_ZHONG SHU_Improvements_Archive.xpr/beatstream_project/beatstream_project.srcs/sources_1/new/elongate.v}}
update_compile_order -fileset sources_1
close [ open {C:/Users/43lan/Downloads/S1_20_KIM GYURIM_SARAVANAN SWETHA_YOSHIZAKI EICHI_ZHONG SHU_Improvements_Archive.xpr/beatstream_project/beatstream_project.srcs/sources_1/new/startup_screen.v} w ]
add_files {{C:/Users/43lan/Downloads/S1_20_KIM GYURIM_SARAVANAN SWETHA_YOSHIZAKI EICHI_ZHONG SHU_Improvements_Archive.xpr/beatstream_project/beatstream_project.srcs/sources_1/new/startup_screen.v}}
update_compile_order -fileset sources_1
close [ open {C:/Users/43lan/Downloads/S1_20_KIM GYURIM_SARAVANAN SWETHA_YOSHIZAKI EICHI_ZHONG SHU_Improvements_Archive.xpr/beatstream_project/beatstream_project.srcs/sources_1/new/flexible_clock.v} w ]
add_files {{C:/Users/43lan/Downloads/S1_20_KIM GYURIM_SARAVANAN SWETHA_YOSHIZAKI EICHI_ZHONG SHU_Improvements_Archive.xpr/beatstream_project/beatstream_project.srcs/sources_1/new/flexible_clock.v}}
update_compile_order -fileset sources_1
close [ open {C:/Users/43lan/Downloads/S1_20_KIM GYURIM_SARAVANAN SWETHA_YOSHIZAKI EICHI_ZHONG SHU_Improvements_Archive.xpr/beatstream_project/beatstream_project.srcs/sources_1/new/Oled_Display.v} w ]
add_files {{C:/Users/43lan/Downloads/S1_20_KIM GYURIM_SARAVANAN SWETHA_YOSHIZAKI EICHI_ZHONG SHU_Improvements_Archive.xpr/beatstream_project/beatstream_project.srcs/sources_1/new/Oled_Display.v}}
update_compile_order -fileset sources_1
close [ open {C:/Users/43lan/Downloads/S1_20_KIM GYURIM_SARAVANAN SWETHA_YOSHIZAKI EICHI_ZHONG SHU_Improvements_Archive.xpr/beatstream_project/beatstream_project.srcs/sources_1/new/map2.v} w ]
add_files {{C:/Users/43lan/Downloads/S1_20_KIM GYURIM_SARAVANAN SWETHA_YOSHIZAKI EICHI_ZHONG SHU_Improvements_Archive.xpr/beatstream_project/beatstream_project.srcs/sources_1/new/map2.v}}
update_compile_order -fileset sources_1
close [ open {C:/Users/43lan/Downloads/S1_20_KIM GYURIM_SARAVANAN SWETHA_YOSHIZAKI EICHI_ZHONG SHU_Improvements_Archive.xpr/beatstream_project/beatstream_project.srcs/sources_1/new/char.v} w ]
add_files {{C:/Users/43lan/Downloads/S1_20_KIM GYURIM_SARAVANAN SWETHA_YOSHIZAKI EICHI_ZHONG SHU_Improvements_Archive.xpr/beatstream_project/beatstream_project.srcs/sources_1/new/char.v}}
update_compile_order -fileset sources_1
close [ open {C:/Users/43lan/Downloads/S1_20_KIM GYURIM_SARAVANAN SWETHA_YOSHIZAKI EICHI_ZHONG SHU_Improvements_Archive.xpr/beatstream_project/beatstream_project.srcs/sources_1/new/survival_bar.v} w ]
add_files {{C:/Users/43lan/Downloads/S1_20_KIM GYURIM_SARAVANAN SWETHA_YOSHIZAKI EICHI_ZHONG SHU_Improvements_Archive.xpr/beatstream_project/beatstream_project.srcs/sources_1/new/survival_bar.v}}
update_compile_order -fileset sources_1
close [ open {C:/Users/43lan/Downloads/S1_20_KIM GYURIM_SARAVANAN SWETHA_YOSHIZAKI EICHI_ZHONG SHU_Improvements_Archive.xpr/beatstream_project/beatstream_project.srcs/sources_1/new/menu_screen.v} w ]
add_files {{C:/Users/43lan/Downloads/S1_20_KIM GYURIM_SARAVANAN SWETHA_YOSHIZAKI EICHI_ZHONG SHU_Improvements_Archive.xpr/beatstream_project/beatstream_project.srcs/sources_1/new/menu_screen.v}}
update_compile_order -fileset sources_1
close [ open {C:/Users/43lan/Downloads/S1_20_KIM GYURIM_SARAVANAN SWETHA_YOSHIZAKI EICHI_ZHONG SHU_Improvements_Archive.xpr/beatstream_project/beatstream_project.srcs/sources_1/new/difficulty_menu.v} w ]
add_files {{C:/Users/43lan/Downloads/S1_20_KIM GYURIM_SARAVANAN SWETHA_YOSHIZAKI EICHI_ZHONG SHU_Improvements_Archive.xpr/beatstream_project/beatstream_project.srcs/sources_1/new/difficulty_menu.v}}
update_compile_order -fileset sources_1
close [ open {C:/Users/43lan/Downloads/S1_20_KIM GYURIM_SARAVANAN SWETHA_YOSHIZAKI EICHI_ZHONG SHU_Improvements_Archive.xpr/beatstream_project/beatstream_project.srcs/sources_1/new/Point_system_display.v} w ]
add_files {{C:/Users/43lan/Downloads/S1_20_KIM GYURIM_SARAVANAN SWETHA_YOSHIZAKI EICHI_ZHONG SHU_Improvements_Archive.xpr/beatstream_project/beatstream_project.srcs/sources_1/new/Point_system_display.v}}
update_compile_order -fileset sources_1
close [ open {C:/Users/43lan/Downloads/S1_20_KIM GYURIM_SARAVANAN SWETHA_YOSHIZAKI EICHI_ZHONG SHU_Improvements_Archive.xpr/beatstream_project/beatstream_project.srcs/sources_1/new/end_screen.v} w ]
add_files {{C:/Users/43lan/Downloads/S1_20_KIM GYURIM_SARAVANAN SWETHA_YOSHIZAKI EICHI_ZHONG SHU_Improvements_Archive.xpr/beatstream_project/beatstream_project.srcs/sources_1/new/end_screen.v}}
update_compile_order -fileset sources_1
close [ open {C:/Users/43lan/Downloads/S1_20_KIM GYURIM_SARAVANAN SWETHA_YOSHIZAKI EICHI_ZHONG SHU_Improvements_Archive.xpr/beatstream_project/beatstream_project.srcs/sources_1/new/pause.v} w ]
add_files {{C:/Users/43lan/Downloads/S1_20_KIM GYURIM_SARAVANAN SWETHA_YOSHIZAKI EICHI_ZHONG SHU_Improvements_Archive.xpr/beatstream_project/beatstream_project.srcs/sources_1/new/pause.v}}
update_compile_order -fileset sources_1
close [ open {C:/Users/43lan/Downloads/S1_20_KIM GYURIM_SARAVANAN SWETHA_YOSHIZAKI EICHI_ZHONG SHU_Improvements_Archive.xpr/beatstream_project/beatstream_project.srcs/sources_1/new/map1.v} w ]
add_files {{C:/Users/43lan/Downloads/S1_20_KIM GYURIM_SARAVANAN SWETHA_YOSHIZAKI EICHI_ZHONG SHU_Improvements_Archive.xpr/beatstream_project/beatstream_project.srcs/sources_1/new/map1.v}}
update_compile_order -fileset sources_1
close [ open {C:/Users/43lan/Downloads/S1_20_KIM GYURIM_SARAVANAN SWETHA_YOSHIZAKI EICHI_ZHONG SHU_Improvements_Archive.xpr/beatstream_project/beatstream_project.srcs/sources_1/new/loading_screen.v} w ]
add_files {{C:/Users/43lan/Downloads/S1_20_KIM GYURIM_SARAVANAN SWETHA_YOSHIZAKI EICHI_ZHONG SHU_Improvements_Archive.xpr/beatstream_project/beatstream_project.srcs/sources_1/new/loading_screen.v}}
update_compile_order -fileset sources_1
close [ open {C:/Users/43lan/Downloads/S1_20_KIM GYURIM_SARAVANAN SWETHA_YOSHIZAKI EICHI_ZHONG SHU_Improvements_Archive.xpr/beatstream_project/beatstream_project.srcs/sources_1/new/display_letters_to_screen.v} w ]
add_files {{C:/Users/43lan/Downloads/S1_20_KIM GYURIM_SARAVANAN SWETHA_YOSHIZAKI EICHI_ZHONG SHU_Improvements_Archive.xpr/beatstream_project/beatstream_project.srcs/sources_1/new/display_letters_to_screen.v}}
update_compile_order -fileset sources_1
close [ open {C:/Users/43lan/Downloads/S1_20_KIM GYURIM_SARAVANAN SWETHA_YOSHIZAKI EICHI_ZHONG SHU_Improvements_Archive.xpr/beatstream_project/beatstream_project.srcs/sources_1/new/screen_selector.v} w ]
add_files {{C:/Users/43lan/Downloads/S1_20_KIM GYURIM_SARAVANAN SWETHA_YOSHIZAKI EICHI_ZHONG SHU_Improvements_Archive.xpr/beatstream_project/beatstream_project.srcs/sources_1/new/screen_selector.v}}
update_compile_order -fileset sources_1
close [ open {C:/Users/43lan/Downloads/S1_20_KIM GYURIM_SARAVANAN SWETHA_YOSHIZAKI EICHI_ZHONG SHU_Improvements_Archive.xpr/beatstream_project/beatstream_project.srcs/sources_1/new/music_play.v} w ]
add_files {{C:/Users/43lan/Downloads/S1_20_KIM GYURIM_SARAVANAN SWETHA_YOSHIZAKI EICHI_ZHONG SHU_Improvements_Archive.xpr/beatstream_project/beatstream_project.srcs/sources_1/new/music_play.v}}
update_compile_order -fileset sources_1
close [ open {C:/Users/43lan/Downloads/S1_20_KIM GYURIM_SARAVANAN SWETHA_YOSHIZAKI EICHI_ZHONG SHU_Improvements_Archive.xpr/beatstream_project/beatstream_project.srcs/sources_1/new/single_note.v} w ]
add_files {{C:/Users/43lan/Downloads/S1_20_KIM GYURIM_SARAVANAN SWETHA_YOSHIZAKI EICHI_ZHONG SHU_Improvements_Archive.xpr/beatstream_project/beatstream_project.srcs/sources_1/new/single_note.v}}
update_compile_order -fileset sources_1
close [ open {C:/Users/43lan/Downloads/S1_20_KIM GYURIM_SARAVANAN SWETHA_YOSHIZAKI EICHI_ZHONG SHU_Improvements_Archive.xpr/beatstream_project/beatstream_project.srcs/sources_1/new/debounce.v} w ]
add_files {{C:/Users/43lan/Downloads/S1_20_KIM GYURIM_SARAVANAN SWETHA_YOSHIZAKI EICHI_ZHONG SHU_Improvements_Archive.xpr/beatstream_project/beatstream_project.srcs/sources_1/new/debounce.v}}
update_compile_order -fileset sources_1
archive_project C:/Users/43lan/Downloads/beatstream_project.xpr/beatstream_project.xpr.zip -temp_dir C:/Users/43lan/AppData/Roaming/Xilinx/Vivado/.Xil/Vivado-13044-lance-hp -force -include_local_ip_cache -include_config_settings
INFO: [Coretcl 2-137] starting archive...
INFO: [Coretcl 2-1499] Saving project copy to temporary location 'C:/Users/43lan/AppData/Roaming/Xilinx/Vivado/.Xil/Vivado-13044-lance-hp' for archiving project
INFO: [ProjectBase 1-489] The host OS only allows 260 characters in a normal path. The project is stored in a path with more than 80 characters. If you experience issues with IP, Block Designs, or files not being found, please consider moving the project to a location with a shorter path. Alternately consider using the OS subst command to map part of the path to a drive letter.
Current project path is 'C:/Users/43lan/Downloads/S1_20_KIM GYURIM_SARAVANAN SWETHA_YOSHIZAKI EICHI_ZHONG SHU_Improvements_Archive.xpr/beatstream_project'
Scanning sources...
Finished scanning sources
INFO: [Coretcl 2-1211] Creating project copy for archival...
INFO: [ProjectBase 1-495] The host OS only allows 260 characters in a normal path. The project is stored in a path with more than 80 characters. If you experience any problem with archiving the project, please consider setting environment variable $TEMP to a shorter path.
Current project path is 'C:/Users/43lan/AppData/Roaming/Xilinx/Vivado/.Xil/Vivado-13044-lance-hp/PrjAr/_X_'.
INFO: [Coretcl 2-1213] Including run results for 'synth_1'
INFO: [Coretcl 2-1213] Including run results for 'impl_1'
INFO: [Coretcl 2-1209] Adding archive summary file to the project...
INFO: [Coretcl 2-1214] Preparing project files for archive...
INFO: [Coretcl 2-1210] Compressing project files and data...
INFO: [Coretcl 2-1215] Project archived (C:/Users/43lan/Downloads/beatstream_project.xpr/beatstream_project.xpr.zip)
INFO: [Coretcl 2-1216] To view the archive summary log in GUI, double click on 'Design Sources->Text->archive_project_summary.txt', or open this file from the archived project directory.
launch_runs synth_1 -jobs 4
[Thu Jan  9 06:50:32 2025] Launched synth_1...
Run output will be captured here: C:/Users/43lan/Downloads/S1_20_KIM GYURIM_SARAVANAN SWETHA_YOSHIZAKI EICHI_ZHONG SHU_Improvements_Archive.xpr/beatstream_project/beatstream_project.runs/synth_1/runme.log
launch_runs impl_1 -jobs 4
[Thu Jan  9 06:54:42 2025] Launched impl_1...
Run output will be captured here: C:/Users/43lan/Downloads/S1_20_KIM GYURIM_SARAVANAN SWETHA_YOSHIZAKI EICHI_ZHONG SHU_Improvements_Archive.xpr/beatstream_project/beatstream_project.runs/impl_1/runme.log
launch_runs impl_1 -to_step write_bitstream -jobs 4
[Thu Jan  9 06:58:52 2025] Launched impl_1...
Run output will be captured here: C:/Users/43lan/Downloads/S1_20_KIM GYURIM_SARAVANAN SWETHA_YOSHIZAKI EICHI_ZHONG SHU_Improvements_Archive.xpr/beatstream_project/beatstream_project.runs/impl_1/runme.log
reset_run impl_1 -prev_step 
launch_runs impl_1 -to_step write_bitstream -jobs 4
[Thu Jan  9 07:04:03 2025] Launched impl_1...
Run output will be captured here: C:/Users/43lan/Downloads/S1_20_KIM GYURIM_SARAVANAN SWETHA_YOSHIZAKI EICHI_ZHONG SHU_Improvements_Archive.xpr/beatstream_project/beatstream_project.runs/impl_1/runme.log
reset_run synth_1
launch_runs synth_1 -jobs 4
[Thu Jan  9 07:04:56 2025] Launched synth_1...
Run output will be captured here: C:/Users/43lan/Downloads/S1_20_KIM GYURIM_SARAVANAN SWETHA_YOSHIZAKI EICHI_ZHONG SHU_Improvements_Archive.xpr/beatstream_project/beatstream_project.runs/synth_1/runme.log
launch_runs impl_1 -jobs 4
[Thu Jan  9 07:10:23 2025] Launched impl_1...
Run output will be captured here: C:/Users/43lan/Downloads/S1_20_KIM GYURIM_SARAVANAN SWETHA_YOSHIZAKI EICHI_ZHONG SHU_Improvements_Archive.xpr/beatstream_project/beatstream_project.runs/impl_1/runme.log
launch_runs impl_1 -to_step write_bitstream -jobs 4
[Thu Jan  9 07:16:10 2025] Launched impl_1...
Run output will be captured here: C:/Users/43lan/Downloads/S1_20_KIM GYURIM_SARAVANAN SWETHA_YOSHIZAKI EICHI_ZHONG SHU_Improvements_Archive.xpr/beatstream_project/beatstream_project.runs/impl_1/runme.log
archive_project C:/Users/43lan/Downloads/beatstream_project.xpr/beatstream_project.xpr.zip -temp_dir C:/Users/43lan/AppData/Roaming/Xilinx/Vivado/.Xil/Vivado-13044-lance-hp -force -include_local_ip_cache -include_config_settings
INFO: [Coretcl 2-137] starting archive...
INFO: [Coretcl 2-1499] Saving project copy to temporary location 'C:/Users/43lan/AppData/Roaming/Xilinx/Vivado/.Xil/Vivado-13044-lance-hp' for archiving project
INFO: [ProjectBase 1-489] The host OS only allows 260 characters in a normal path. The project is stored in a path with more than 80 characters. If you experience issues with IP, Block Designs, or files not being found, please consider moving the project to a location with a shorter path. Alternately consider using the OS subst command to map part of the path to a drive letter.
Current project path is 'C:/Users/43lan/Downloads/S1_20_KIM GYURIM_SARAVANAN SWETHA_YOSHIZAKI EICHI_ZHONG SHU_Improvements_Archive.xpr/beatstream_project'
Scanning sources...
Finished scanning sources
INFO: [Coretcl 2-1211] Creating project copy for archival...
INFO: [ProjectBase 1-495] The host OS only allows 260 characters in a normal path. The project is stored in a path with more than 80 characters. If you experience any problem with archiving the project, please consider setting environment variable $TEMP to a shorter path.
Current project path is 'C:/Users/43lan/AppData/Roaming/Xilinx/Vivado/.Xil/Vivado-13044-lance-hp/PrjAr/_X_'.
INFO: [Coretcl 2-1213] Including run results for 'synth_1'
INFO: [Coretcl 2-1213] Including run results for 'impl_1'
