Copyright 1986-2018 Xilinx, Inc. All Rights Reserved.
----------------------------------------------------------------------------------------------------------------------------------------------------
| Tool Version     : Vivado v.2018.2 (win64) Build 2258646 Thu Jun 14 20:03:12 MDT 2018
| Date             : Thu Jan  9 07:13:04 2025
| Host             : lance-hp running 64-bit major release  (build 9200)
| Command          : report_power -file top_module_power_routed.rpt -pb top_module_power_summary_routed.pb -rpx top_module_power_routed.rpx
| Design           : top_module
| Device           : xc7a35tcpg236-1
| Design State     : routed
| Grade            : commercial
| Process          : typical
| Characterization : Production
----------------------------------------------------------------------------------------------------------------------------------------------------

Power Report

Table of Contents
-----------------
1. Summary
1.1 On-Chip Components
1.2 Power Supply Summary
1.3 Confidence Level
2. Settings
2.1 Environment
2.2 Clock Constraints
3. Detailed Reports
3.1 By Hierarchy

1. Summary
----------

+--------------------------+--------------+
| Total On-Chip Power (W)  | 0.110        |
| Design Power Budget (W)  | Unspecified* |
| Power Budget Margin (W)  | NA           |
| Dynamic (W)              | 0.038        |
| Device Static (W)        | 0.072        |
| Effective TJA (C/W)      | 5.0          |
| Max Ambient (C)          | 84.5         |
| Junction Temperature (C) | 25.5         |
| Confidence Level         | Low          |
| Setting File             | ---          |
| Simulation Activity File | ---          |
| Design Nets Matched      | NA           |
+--------------------------+--------------+
* Specify Design Power Budget using, set_operating_conditions -design_power_budget <value in Watts>


1.1 On-Chip Components
----------------------

+--------------------------+-----------+----------+-----------+-----------------+
| On-Chip                  | Power (W) | Used     | Available | Utilization (%) |
+--------------------------+-----------+----------+-----------+-----------------+
| Clocks                   |     0.010 |        3 |       --- |             --- |
| Slice Logic              |     0.011 |    32807 |       --- |             --- |
|   LUT as Logic           |     0.009 |    19694 |     20800 |           94.68 |
|   CARRY4                 |     0.001 |     4108 |      8150 |           50.40 |
|   LUT as Distributed RAM |    <0.001 |       96 |      9600 |            1.00 |
|   Register               |    <0.001 |     3871 |     41600 |            9.31 |
|   F7/F8 Muxes            |    <0.001 |       15 |     32600 |            0.05 |
|   BUFG                   |     0.000 |       11 |        32 |           34.38 |
|   Others                 |     0.000 |      155 |       --- |             --- |
| Signals                  |     0.011 |    17417 |       --- |             --- |
| I/O                      |     0.006 |       57 |       106 |           53.77 |
| Static Power             |     0.072 |          |           |                 |
| Total                    |     0.110 |          |           |                 |
+--------------------------+-----------+----------+-----------+-----------------+


1.2 Power Supply Summary
------------------------

+-----------+-------------+-----------+-------------+------------+
| Source    | Voltage (V) | Total (A) | Dynamic (A) | Static (A) |
+-----------+-------------+-----------+-------------+------------+
| Vccint    |       1.000 |     0.042 |       0.032 |      0.010 |
| Vccaux    |       1.800 |     0.013 |       0.000 |      0.013 |
| Vcco33    |       3.300 |     0.003 |       0.002 |      0.001 |
| Vcco25    |       2.500 |     0.000 |       0.000 |      0.000 |
| Vcco18    |       1.800 |     0.000 |       0.000 |      0.000 |
| Vcco15    |       1.500 |     0.000 |       0.000 |      0.000 |
| Vcco135   |       1.350 |     0.000 |       0.000 |      0.000 |
| Vcco12    |       1.200 |     0.000 |       0.000 |      0.000 |
| Vccaux_io |       1.800 |     0.000 |       0.000 |      0.000 |
| Vccbram   |       1.000 |     0.000 |       0.000 |      0.000 |
| MGTAVcc   |       1.000 |     0.000 |       0.000 |      0.000 |
| MGTAVtt   |       1.200 |     0.000 |       0.000 |      0.000 |
| Vccadc    |       1.800 |     0.020 |       0.000 |      0.020 |
+-----------+-------------+-----------+-------------+------------+


1.3 Confidence Level
--------------------

+-----------------------------+------------+--------------------------------------------------------+--------------------------------------------------------------------------------------------------------------------+
| User Input Data             | Confidence | Details                                                | Action                                                                                                             |
+-----------------------------+------------+--------------------------------------------------------+--------------------------------------------------------------------------------------------------------------------+
| Design implementation state | High       | Design is routed                                       |                                                                                                                    |
| Clock nodes activity        | Low        | User specified less than 75% of clocks                 | Provide missing clock activity with a constraint file, simulation results or by editing the "By Clock Domain" view |
| I/O nodes activity          | Low        | More than 75% of inputs are missing user specification | Provide missing input activity with simulation results or by editing the "By Resource Type -> I/Os" view           |
| Internal nodes activity     | Medium     | User specified less than 25% of internal nodes         | Provide missing internal nodes activity with simulation results or by editing the "By Resource Type" views         |
| Device models               | High       | Device models are Production                           |                                                                                                                    |
|                             |            |                                                        |                                                                                                                    |
| Overall confidence level    | Low        |                                                        |                                                                                                                    |
+-----------------------------+------------+--------------------------------------------------------+--------------------------------------------------------------------------------------------------------------------+


2. Settings
-----------

2.1 Environment
---------------

+-----------------------+--------------------------+
| Ambient Temp (C)      | 25.0                     |
| ThetaJA (C/W)         | 5.0                      |
| Airflow (LFM)         | 250                      |
| Heat Sink             | medium (Medium Profile)  |
| ThetaSA (C/W)         | 4.6                      |
| Board Selection       | medium (10"x10")         |
| # of Board Layers     | 12to15 (12 to 15 Layers) |
| Board Temperature (C) | 25.0                     |
+-----------------------+--------------------------+


2.2 Clock Constraints
---------------------

+-------------+--------+-----------------+
| Clock       | Domain | Constraint (ns) |
+-------------+--------+-----------------+
| sys_clk_pin | clk    |            10.0 |
+-------------+--------+-----------------+


3. Detailed Reports
-------------------

3.1 By Hierarchy
----------------

+------------------------------+-----------+
| Name                         | Power (W) |
+------------------------------+-----------+
| top_module                   |     0.038 |
|   all_keys                   |    <0.001 |
|     key_down                 |    <0.001 |
|     key_enter                |     0.000 |
|     key_left                 |    <0.001 |
|     key_lshift               |     0.000 |
|     key_p                    |    <0.001 |
|     key_right                |     0.000 |
|     key_space                |     0.000 |
|     key_up                   |    <0.001 |
|     uut                      |    <0.001 |
|       db_clk                 |    <0.001 |
|       db_data                |    <0.001 |
|   b1                         |    <0.001 |
|   b2                         |    <0.001 |
|   b3                         |    <0.001 |
|   b4                         |    <0.001 |
|   clk_20                     |    <0.001 |
|   difmenu                    |    <0.001 |
|     disp                     |    <0.001 |
|     divider_6p25MHz          |    <0.001 |
|   endingscreen               |     0.001 |
|     my_oled_unit             |    <0.001 |
|     unit_1                   |    <0.001 |
|     unit_3                   |    <0.001 |
|   firstmap                   |     0.002 |
|     my_oled_unit             |    <0.001 |
|     unit_1                   |    <0.001 |
|     unit_2                   |    <0.001 |
|   grader_1_1                 |     0.007 |
|     decomposer_1             |     0.001 |
|     div1                     |    <0.001 |
|     m_data_00_reg_0_31_0_5   |    <0.001 |
|     m_data_00_reg_0_31_12_13 |    <0.001 |
|     m_data_00_reg_0_31_6_11  |    <0.001 |
|     m_data_01_reg_0_31_0_5   |    <0.001 |
|     m_data_01_reg_0_31_12_13 |    <0.001 |
|     m_data_01_reg_0_31_6_11  |    <0.001 |
|     m_data_10_reg_0_31_0_5   |    <0.001 |
|     m_data_10_reg_0_31_12_13 |    <0.001 |
|     m_data_10_reg_0_31_6_11  |    <0.001 |
|     m_data_11_reg_0_31_0_5   |    <0.001 |
|     m_data_11_reg_0_31_12_13 |    <0.001 |
|     m_data_11_reg_0_31_6_11  |    <0.001 |
|   grader_2_1                 |     0.007 |
|     decomposer_1             |     0.001 |
|     div1                     |    <0.001 |
|     m_data_00_reg_0_31_0_5   |    <0.001 |
|     m_data_00_reg_0_31_12_13 |    <0.001 |
|     m_data_00_reg_0_31_6_11  |    <0.001 |
|     m_data_01_reg_0_31_0_5   |    <0.001 |
|     m_data_01_reg_0_31_12_13 |    <0.001 |
|     m_data_01_reg_0_31_6_11  |    <0.001 |
|     m_data_10_reg_0_31_0_5   |    <0.001 |
|     m_data_10_reg_0_31_12_13 |    <0.001 |
|     m_data_10_reg_0_31_6_11  |    <0.001 |
|     m_data_11_reg_0_31_0_5   |    <0.001 |
|     m_data_11_reg_0_31_12_13 |    <0.001 |
|     m_data_11_reg_0_31_6_11  |    <0.001 |
|   init                       |    <0.001 |
|     my_oled_unit             |    <0.001 |
|     unit_1                   |    <0.001 |
|     unit_3                   |    <0.001 |
|   l1                         |    <0.001 |
|   l2                         |    <0.001 |
|   l3                         |    <0.001 |
|   l4                         |    <0.001 |
|   let                        |    <0.001 |
|     my_oled_unit             |    <0.001 |
|     unit_1                   |    <0.001 |
|   load                       |    <0.001 |
|     my_oled_unit             |    <0.001 |
|     unit_1                   |    <0.001 |
|     unit_3                   |    <0.001 |
|   menu                       |    <0.001 |
|     disp                     |    <0.001 |
|     divider_6p25MHz          |    <0.001 |
|   pausescreen                |    <0.001 |
|     disp                     |    <0.001 |
|     divider_6p25MHz          |    <0.001 |
|   play1                      |    <0.001 |
|     clk_divider              |    <0.001 |
|     tone_gen                 |    <0.001 |
|   play2                      |    <0.001 |
|     clk_divider              |    <0.001 |
|     tone_gen                 |    <0.001 |
|   play_time1                 |     0.002 |
|   play_time2                 |     0.002 |
|   points                     |    <0.001 |
|     unit_0                   |    <0.001 |
|   secondmap                  |     0.001 |
|     my_oled_unit             |    <0.001 |
|     unit_1                   |    <0.001 |
|     unit_2                   |    <0.001 |
|   sel_1                      |    <0.001 |
+------------------------------+-----------+


